0 info it worked if it ends with ok
1 verbose cli [ 'C:\\Program Files\\nodejs\\node.exe',
1 verbose cli   'C:\\Program Files\\nodejs\\node_modules\\npm\\bin\\npm-cli.js',
1 verbose cli   'update' ]
2 info using npm@2.14.20
3 info using node@v4.4.0
4 silly mapToRegistry name express
5 silly mapToRegistry using default registry
6 silly mapToRegistry registry https://registry.npmjs.org/
7 silly mapToRegistry uri https://registry.npmjs.org/express
8 silly mapToRegistry name mongoose
9 silly mapToRegistry using default registry
10 silly mapToRegistry registry https://registry.npmjs.org/
11 silly mapToRegistry uri https://registry.npmjs.org/mongoose
12 silly mapToRegistry name body-parser
13 silly mapToRegistry using default registry
14 silly mapToRegistry registry https://registry.npmjs.org/
15 silly mapToRegistry uri https://registry.npmjs.org/body-parser
16 silly mapToRegistry name angular-resource
17 silly mapToRegistry using default registry
18 silly mapToRegistry registry https://registry.npmjs.org/
19 silly mapToRegistry uri https://registry.npmjs.org/angular-resource
20 silly mapToRegistry name angular-route
21 silly mapToRegistry using default registry
22 silly mapToRegistry registry https://registry.npmjs.org/
23 silly mapToRegistry uri https://registry.npmjs.org/angular-route
24 verbose request uri https://registry.npmjs.org/angular-resource
25 verbose request no auth needed
26 info attempt registry request try #1 at 12:49:00
27 verbose request id eba25f07210f341b
28 verbose etag "282ZH5VYK0NGSN4WBGJXA7POP"
29 http request GET https://registry.npmjs.org/angular-resource
30 verbose request uri https://registry.npmjs.org/body-parser
31 verbose request no auth needed
32 info attempt registry request try #1 at 12:49:00
33 verbose etag "WW8YU9YKI5TF8P73ZFA6PCPX"
34 http request GET https://registry.npmjs.org/body-parser
35 verbose request uri https://registry.npmjs.org/angular-route
36 verbose request no auth needed
37 info attempt registry request try #1 at 12:49:00
38 verbose etag "F25O3CEDYK9O57WAWKSRQ10F8"
39 http request GET https://registry.npmjs.org/angular-route
40 verbose request uri https://registry.npmjs.org/mongoose
41 verbose request no auth needed
42 info attempt registry request try #1 at 12:49:00
43 verbose etag "ADSJ2B69V6B7JIQEBCBU1YL8V"
44 http request GET https://registry.npmjs.org/mongoose
45 verbose request uri https://registry.npmjs.org/express
46 verbose request no auth needed
47 info attempt registry request try #1 at 12:49:00
48 verbose etag "8ADAPQS4AYB82ANOKLZMAYTNF"
49 http request GET https://registry.npmjs.org/express
50 http 304 https://registry.npmjs.org/angular-route
51 verbose headers { date: 'Fri, 08 Apr 2016 15:49:06 GMT',
51 verbose headers   via: '1.1 varnish',
51 verbose headers   'cache-control': 'max-age=300',
51 verbose headers   etag: '"F25O3CEDYK9O57WAWKSRQ10F8"',
51 verbose headers   age: '226',
51 verbose headers   connection: 'keep-alive',
51 verbose headers   'x-served-by': 'cache-atl6248-ATL',
51 verbose headers   'x-cache': 'HIT',
51 verbose headers   'x-cache-hits': '1',
51 verbose headers   'x-timer': 'S1460130546.609093,VS0,VE0',
51 verbose headers   vary: 'Accept-Encoding' }
52 silly get cb [ 304,
52 silly get   { date: 'Fri, 08 Apr 2016 15:49:06 GMT',
52 silly get     via: '1.1 varnish',
52 silly get     'cache-control': 'max-age=300',
52 silly get     etag: '"F25O3CEDYK9O57WAWKSRQ10F8"',
52 silly get     age: '226',
52 silly get     connection: 'keep-alive',
52 silly get     'x-served-by': 'cache-atl6248-ATL',
52 silly get     'x-cache': 'HIT',
52 silly get     'x-cache-hits': '1',
52 silly get     'x-timer': 'S1460130546.609093,VS0,VE0',
52 silly get     vary: 'Accept-Encoding' } ]
53 verbose etag https://registry.npmjs.org/angular-route from cache
54 verbose get saving angular-route to C:\Users\Todo Shop\AppData\Roaming\npm-cache\registry.npmjs.org\angular-route\.cache.json
55 verbose correctMkdir C:\Users\Todo Shop\AppData\Roaming\npm-cache correctMkdir not in flight; initializing
56 http 304 https://registry.npmjs.org/angular-resource
57 verbose headers { date: 'Fri, 08 Apr 2016 15:49:06 GMT',
57 verbose headers   via: '1.1 varnish',
57 verbose headers   'cache-control': 'max-age=300',
57 verbose headers   etag: '"282ZH5VYK0NGSN4WBGJXA7POP"',
57 verbose headers   age: '241',
57 verbose headers   connection: 'keep-alive',
57 verbose headers   'x-served-by': 'cache-atl6221-ATL',
57 verbose headers   'x-cache': 'HIT',
57 verbose headers   'x-cache-hits': '1',
57 verbose headers   'x-timer': 'S1460130546.607741,VS0,VE0',
57 verbose headers   vary: 'Accept-Encoding' }
58 silly get cb [ 304,
58 silly get   { date: 'Fri, 08 Apr 2016 15:49:06 GMT',
58 silly get     via: '1.1 varnish',
58 silly get     'cache-control': 'max-age=300',
58 silly get     etag: '"282ZH5VYK0NGSN4WBGJXA7POP"',
58 silly get     age: '241',
58 silly get     connection: 'keep-alive',
58 silly get     'x-served-by': 'cache-atl6221-ATL',
58 silly get     'x-cache': 'HIT',
58 silly get     'x-cache-hits': '1',
58 silly get     'x-timer': 'S1460130546.607741,VS0,VE0',
58 silly get     vary: 'Accept-Encoding' } ]
59 verbose etag https://registry.npmjs.org/angular-resource from cache
60 verbose get saving angular-resource to C:\Users\Todo Shop\AppData\Roaming\npm-cache\registry.npmjs.org\angular-resource\.cache.json
61 verbose correctMkdir C:\Users\Todo Shop\AppData\Roaming\npm-cache correctMkdir already in flight; waiting
62 silly cache add args [ 'angular-resource', '~4.5.3' ]
63 verbose cache add spec angular-resource@~4.5.3
64 silly cache add parsed spec Result {
64 silly cache add   raw: 'angular-resource@~4.5.3',
64 silly cache add   scope: null,
64 silly cache add   name: 'angular-resource',
64 silly cache add   rawSpec: '~4.5.3',
64 silly cache add   spec: '>=4.5.3 <4.6.0',
64 silly cache add   type: 'range' }
65 silly addNamed angular-resource@>=4.5.3 <4.6.0
66 verbose addNamed ">=4.5.3 <4.6.0" is a valid semver range for angular-resource
67 silly addNameRange { name: 'angular-resource',
67 silly addNameRange   range: '>=4.5.3 <4.6.0',
67 silly addNameRange   hasData: false }
68 silly mapToRegistry name angular-resource
69 silly mapToRegistry using default registry
70 silly mapToRegistry registry https://registry.npmjs.org/
71 silly mapToRegistry uri https://registry.npmjs.org/angular-resource
72 verbose addNameRange registry:https://registry.npmjs.org/angular-resource not in flight; fetching
73 verbose get https://registry.npmjs.org/angular-resource not expired, no request
74 silly addNameRange number 2 { name: 'angular-resource',
74 silly addNameRange   range: '>=4.5.3 <4.6.0',
74 silly addNameRange   hasData: true }
75 silly addNameRange versions [ 'angular-resource',
75 silly addNameRange   [ '0.0.1',
75 silly addNameRange     '0.0.2',
75 silly addNameRange     '0.1.0',
75 silly addNameRange     '0.1.1',
75 silly addNameRange     '1.3.0-rc.5',
75 silly addNameRange     '1.3.0',
75 silly addNameRange     '1.3.1',
75 silly addNameRange     '1.3.2',
75 silly addNameRange     '1.3.3',
75 silly addNameRange     '1.3.4-build.3587',
75 silly addNameRange     '1.2.27',
75 silly addNameRange     '1.3.4',
75 silly addNameRange     '1.3.5',
75 silly addNameRange     '1.3.6',
75 silly addNameRange     '1.3.7',
75 silly addNameRange     '1.2.28',
75 silly addNameRange     '1.3.8',
75 silly addNameRange     '1.4.0-beta.0',
75 silly addNameRange     '1.3.9',
75 silly addNameRange     '1.3.10',
75 silly addNameRange     '1.4.0-beta.1',
75 silly addNameRange     '1.4.0-beta.2',
75 silly addNameRange     '1.3.11',
75 silly addNameRange     '1.4.0-beta.3',
75 silly addNameRange     '1.3.12',
75 silly addNameRange     '1.3.13',
75 silly addNameRange     '1.4.0-beta.4',
75 silly addNameRange     '1.3.14',
75 silly addNameRange     '1.4.0-beta.5',
75 silly addNameRange     '1.4.0-beta.6',
75 silly addNameRange     '1.3.15',
75 silly addNameRange     '1.4.0-rc.0',
75 silly addNameRange     '1.4.0-rc.1',
75 silly addNameRange     '1.4.0-rc.2',
75 silly addNameRange     '1.4.0',
75 silly addNameRange     '1.3.16',
75 silly addNameRange     '1.4.1',
75 silly addNameRange     '1.4.2',
75 silly addNameRange     '1.3.17',
75 silly addNameRange     '1.4.3',
75 silly addNameRange     '1.4.4',
75 silly addNameRange     '1.3.18',
75 silly addNameRange     '1.4.5',
75 silly addNameRange     '1.3.19',
75 silly addNameRange     '1.4.6',
75 silly addNameRange     '1.5.0-beta.0',
75 silly addNameRange     '1.2.29',
75 silly addNameRange     '1.3.20',
75 silly addNameRange     '1.4.7',
75 silly addNameRange     '1.5.0-beta.2',
75 silly addNameRange     '1.4.8',
75 silly addNameRange     '1.5.0-rc.0',
75 silly addNameRange     '1.5.0-rc.1',
75 silly addNameRange     '1.4.9',
75 silly addNameRange     '1.5.0-rc.2',
75 silly addNameRange     '1.5.0',
75 silly addNameRange     '1.5.1',
75 silly addNameRange     '1.4.10',
75 silly addNameRange     '1.5.2',
75 silly addNameRange     '1.5.3' ] ]
76 http 200 https://registry.npmjs.org/mongoose
77 verbose headers { server: 'CouchDB/1.5.0 (Erlang OTP/R16B03)',
77 verbose headers   etag: '"E0E7A73HJPHNBFYDMVYQ4EDP9"',
77 verbose headers   'content-type': 'application/json',
77 verbose headers   'content-encoding': 'gzip',
77 verbose headers   'cache-control': 'max-age=300',
77 verbose headers   'content-length': '47690',
77 verbose headers   'accept-ranges': 'bytes',
77 verbose headers   date: 'Fri, 08 Apr 2016 15:49:06 GMT',
77 verbose headers   via: '1.1 varnish',
77 verbose headers   age: '201',
77 verbose headers   connection: 'keep-alive',
77 verbose headers   'x-served-by': 'cache-atl6242-ATL',
77 verbose headers   'x-cache': 'HIT',
77 verbose headers   'x-cache-hits': '1',
77 verbose headers   'x-timer': 'S1460130546.678536,VS0,VE0',
77 verbose headers   vary: 'Accept-Encoding' }
78 silly get cb [ 200,
78 silly get   { server: 'CouchDB/1.5.0 (Erlang OTP/R16B03)',
78 silly get     etag: '"E0E7A73HJPHNBFYDMVYQ4EDP9"',
78 silly get     'content-type': 'application/json',
78 silly get     'content-encoding': 'gzip',
78 silly get     'cache-control': 'max-age=300',
78 silly get     'content-length': '47690',
78 silly get     'accept-ranges': 'bytes',
78 silly get     date: 'Fri, 08 Apr 2016 15:49:06 GMT',
78 silly get     via: '1.1 varnish',
78 silly get     age: '201',
78 silly get     connection: 'keep-alive',
78 silly get     'x-served-by': 'cache-atl6242-ATL',
78 silly get     'x-cache': 'HIT',
78 silly get     'x-cache-hits': '1',
78 silly get     'x-timer': 'S1460130546.678536,VS0,VE0',
78 silly get     vary: 'Accept-Encoding' } ]
79 verbose get saving mongoose to C:\Users\Todo Shop\AppData\Roaming\npm-cache\registry.npmjs.org\mongoose\.cache.json
80 verbose correctMkdir C:\Users\Todo Shop\AppData\Roaming\npm-cache correctMkdir not in flight; initializing
81 http 200 https://registry.npmjs.org/body-parser
82 verbose headers { server: 'CouchDB/1.5.0 (Erlang OTP/R16B03)',
82 verbose headers   etag: '"8GN8D1N4IVJYQPEVQX0MKKCT4"',
82 verbose headers   'content-type': 'application/json',
82 verbose headers   'cache-control': 'max-age=300',
82 verbose headers   'content-length': '115952',
82 verbose headers   'accept-ranges': 'bytes',
82 verbose headers   date: 'Fri, 08 Apr 2016 15:49:06 GMT',
82 verbose headers   via: '1.1 varnish',
82 verbose headers   age: '244',
82 verbose headers   connection: 'keep-alive',
82 verbose headers   'x-served-by': 'cache-atl6222-ATL',
82 verbose headers   'x-cache': 'HIT',
82 verbose headers   'x-cache-hits': '9',
82 verbose headers   'x-timer': 'S1460130546.587654,VS0,VE0',
82 verbose headers   vary: 'Accept-Encoding' }
83 silly get cb [ 200,
83 silly get   { server: 'CouchDB/1.5.0 (Erlang OTP/R16B03)',
83 silly get     etag: '"8GN8D1N4IVJYQPEVQX0MKKCT4"',
83 silly get     'content-type': 'application/json',
83 silly get     'cache-control': 'max-age=300',
83 silly get     'content-length': '115952',
83 silly get     'accept-ranges': 'bytes',
83 silly get     date: 'Fri, 08 Apr 2016 15:49:06 GMT',
83 silly get     via: '1.1 varnish',
83 silly get     age: '244',
83 silly get     connection: 'keep-alive',
83 silly get     'x-served-by': 'cache-atl6222-ATL',
83 silly get     'x-cache': 'HIT',
83 silly get     'x-cache-hits': '9',
83 silly get     'x-timer': 'S1460130546.587654,VS0,VE0',
83 silly get     vary: 'Accept-Encoding' } ]
84 verbose get saving body-parser to C:\Users\Todo Shop\AppData\Roaming\npm-cache\registry.npmjs.org\body-parser\.cache.json
85 verbose correctMkdir C:\Users\Todo Shop\AppData\Roaming\npm-cache correctMkdir not in flight; initializing
86 http 200 https://registry.npmjs.org/express
87 verbose headers { server: 'CouchDB/1.5.0 (Erlang OTP/R16B03)',
87 verbose headers   etag: '"87OVU5CN0S2FYEBFHDUDJCM4M"',
87 verbose headers   'content-type': 'application/json',
87 verbose headers   'content-encoding': 'gzip',
87 verbose headers   'cache-control': 'max-age=300',
87 verbose headers   'content-length': '54142',
87 verbose headers   'accept-ranges': 'bytes',
87 verbose headers   date: 'Fri, 08 Apr 2016 15:49:06 GMT',
87 verbose headers   via: '1.1 varnish',
87 verbose headers   age: '53',
87 verbose headers   connection: 'keep-alive',
87 verbose headers   'x-served-by': 'cache-atl6234-ATL',
87 verbose headers   'x-cache': 'HIT',
87 verbose headers   'x-cache-hits': '2',
87 verbose headers   'x-timer': 'S1460130546.673158,VS0,VE0',
87 verbose headers   vary: 'Accept-Encoding' }
88 silly get cb [ 200,
88 silly get   { server: 'CouchDB/1.5.0 (Erlang OTP/R16B03)',
88 silly get     etag: '"87OVU5CN0S2FYEBFHDUDJCM4M"',
88 silly get     'content-type': 'application/json',
88 silly get     'content-encoding': 'gzip',
88 silly get     'cache-control': 'max-age=300',
88 silly get     'content-length': '54142',
88 silly get     'accept-ranges': 'bytes',
88 silly get     date: 'Fri, 08 Apr 2016 15:49:06 GMT',
88 silly get     via: '1.1 varnish',
88 silly get     age: '53',
88 silly get     connection: 'keep-alive',
88 silly get     'x-served-by': 'cache-atl6234-ATL',
88 silly get     'x-cache': 'HIT',
88 silly get     'x-cache-hits': '2',
88 silly get     'x-timer': 'S1460130546.673158,VS0,VE0',
88 silly get     vary: 'Accept-Encoding' } ]
89 verbose get saving express to C:\Users\Todo Shop\AppData\Roaming\npm-cache\registry.npmjs.org\express\.cache.json
90 verbose correctMkdir C:\Users\Todo Shop\AppData\Roaming\npm-cache correctMkdir not in flight; initializing
91 verbose stack Error: No compatible version found: angular-resource@'>=4.5.3 <4.6.0'
91 verbose stack Valid install targets:
91 verbose stack ["0.0.1","0.0.2","0.1.0","0.1.1","1.3.0-rc.5","1.3.0","1.3.1","1.3.2","1.3.3","1.3.4-build.3587","1.2.27","1.3.4","1.3.5","1.3.6","1.3.7","1.2.28","1.3.8","1.4.0-beta.0","1.3.9","1.3.10","1.4.0-beta.1","1.4.0-beta.2","1.3.11","1.4.0-beta.3","1.3.12","1.3.13","1.4.0-beta.4","1.3.14","1.4.0-beta.5","1.4.0-beta.6","1.3.15","1.4.0-rc.0","1.4.0-rc.1","1.4.0-rc.2","1.4.0","1.3.16","1.4.1","1.4.2","1.3.17","1.4.3","1.4.4","1.3.18","1.4.5","1.3.19","1.4.6","1.5.0-beta.0","1.2.29","1.3.20","1.4.7","1.5.0-beta.2","1.4.8","1.5.0-rc.0","1.5.0-rc.1","1.4.9","1.5.0-rc.2","1.5.0","1.5.1","1.4.10","1.5.2","1.5.3"]
91 verbose stack
91 verbose stack     at installTargetsError (C:\Program Files\nodejs\node_modules\npm\lib\cache\add-named.js:284:12)
91 verbose stack     at next (C:\Program Files\nodejs\node_modules\npm\lib\cache\add-named.js:262:19)
91 verbose stack     at setData (C:\Program Files\nodejs\node_modules\npm\lib\cache\add-named.js:236:5)
91 verbose stack     at RES (C:\Program Files\nodejs\node_modules\npm\node_modules\inflight\inflight.js:23:14)
91 verbose stack     at f (C:\Program Files\nodejs\node_modules\npm\node_modules\once\once.js:17:25)
91 verbose stack     at fixName (C:\Program Files\nodejs\node_modules\npm\lib\cache\add-named.js:29:5)
91 verbose stack     at CachingRegistryClient.get_ (C:\Program Files\nodejs\node_modules\npm\lib\cache\caching-client.js:125:16)
91 verbose stack     at C:\Program Files\nodejs\node_modules\npm\lib\cache\caching-client.js:91:14
91 verbose stack     at C:\Program Files\nodejs\node_modules\npm\node_modules\graceful-fs\graceful-fs.js:78:16
91 verbose stack     at FSReqWrap.readFileAfterClose [as oncomplete] (fs.js:380:3)
92 verbose cwd C:\Users\Public\German\Full Stack Developer\creativeMobile
93 error Windows_NT 10.0.10586
94 error argv "C:\\Program Files\\nodejs\\node.exe" "C:\\Program Files\\nodejs\\node_modules\\npm\\bin\\npm-cli.js" "update"
95 error node v4.4.0
96 error npm  v2.14.20
97 error code ETARGET
98 error notarget No compatible version found: angular-resource@'>=4.5.3 <4.6.0'
98 error notarget Valid install targets:
98 error notarget ["0.0.1","0.0.2","0.1.0","0.1.1","1.3.0-rc.5","1.3.0","1.3.1","1.3.2","1.3.3","1.3.4-build.3587","1.2.27","1.3.4","1.3.5","1.3.6","1.3.7","1.2.28","1.3.8","1.4.0-beta.0","1.3.9","1.3.10","1.4.0-beta.1","1.4.0-beta.2","1.3.11","1.4.0-beta.3","1.3.12","1.3.13","1.4.0-beta.4","1.3.14","1.4.0-beta.5","1.4.0-beta.6","1.3.15","1.4.0-rc.0","1.4.0-rc.1","1.4.0-rc.2","1.4.0","1.3.16","1.4.1","1.4.2","1.3.17","1.4.3","1.4.4","1.3.18","1.4.5","1.3.19","1.4.6","1.5.0-beta.0","1.2.29","1.3.20","1.4.7","1.5.0-beta.2","1.4.8","1.5.0-rc.0","1.5.0-rc.1","1.4.9","1.5.0-rc.2","1.5.0","1.5.1","1.4.10","1.5.2","1.5.3"]
98 error notarget
98 error notarget This is most likely not a problem with npm itself.
98 error notarget In most cases you or one of your dependencies are requesting
98 error notarget a package version that doesn't exist.
99 verbose exit [ 1, true ]
